# JRE version: Java(TM) SE Runtime Environment (8.0_131-b11) (build 1.8.0_131-b11)
# Java VM: Java HotSpot(TM) 64-Bit Server VM (25.131-b11 mixed mode windows-amd64 compressed oops)
Heap:
 PSYoungGen      total 328704K, used 80276K [0x00000000d5d80000, 0x00000000f4880000, 0x0000000100000000)
  eden space 319488K, 25% used [0x00000000d5d80000,0x00000000dabe53e0,0x00000000e9580000)
  from space 9216K, 0% used [0x00000000e9580000,0x00000000e9580000,0x00000000e9e80000)
  to   space 9216K, 0% used [0x00000000f3f80000,0x00000000f3f80000,0x00000000f4880000)
 ParOldGen       total 65536K, used 18939K [0x0000000081800000, 0x0000000085800000, 0x00000000d5d80000)
  object space 65536K, 28% used [0x0000000081800000,0x0000000082a7ecf0,0x0000000085800000)
 Metaspace       used 34516K, capacity 36894K, committed 37080K, reserved 1081344K
  class space    used 4441K, capacity 4851K, committed 4864K, reserved 1048576K
GC Heap History (10 events):
Event: 5.103 GC heap before
{Heap before GC invocations=11 (full 1):
 PSYoungGen      total 141312K, used 133120K [0x00000000d5d80000, 0x00000000e3d80000, 0x0000000100000000)
  eden space 133120K, 100% used [0x00000000d5d80000,0x00000000ddf80000,0x00000000ddf80000)
  from space 8192K, 0% used [0x00000000ddf80000,0x00000000ddf80000,0x00000000de780000)
  to   space 8192K, 0% used [0x00000000e3580000,0x00000000e3580000,0x00000000e3d80000)
 ParOldGen       total 45568K, used 8611K [0x0000000081800000, 0x0000000084480000, 0x00000000d5d80000)
  object space 45568K, 18% used [0x0000000081800000,0x0000000082068d80,0x0000000084480000)
 Metaspace       used 24794K, capacity 26336K, committed 26496K, reserved 1073152K
  class space    used 3155K, capacity 3436K, committed 3456K, reserved 1048576K
Event: 5.112 GC heap after
Heap after GC invocations=11 (full 1):
 PSYoungGen      total 214016K, used 6256K [0x00000000d5d80000, 0x00000000e3c00000, 0x0000000100000000)
  eden space 207360K, 0% used [0x00000000d5d80000,0x00000000d5d80000,0x00000000e2800000)
  from space 6656K, 93% used [0x00000000e3580000,0x00000000e3b9c228,0x00000000e3c00000)
  to   space 8192K, 0% used [0x00000000e2c00000,0x00000000e2c00000,0x00000000e3400000)
 ParOldGen       total 45568K, used 8619K [0x0000000081800000, 0x0000000084480000, 0x00000000d5d80000)
  object space 45568K, 18% used [0x0000000081800000,0x000000008206ad80,0x0000000084480000)
 Metaspace       used 24794K, capacity 26336K, committed 26496K, reserved 1073152K
  class space    used 3155K, capacity 3436K, committed 3456K, reserved 1048576K
}
Event: 6.530 GC heap before
{Heap before GC invocations=12 (full 1):
 PSYoungGen      total 214016K, used 213616K [0x00000000d5d80000, 0x00000000e3c00000, 0x0000000100000000)
  eden space 207360K, 100% used [0x00000000d5d80000,0x00000000e2800000,0x00000000e2800000)
  from space 6656K, 93% used [0x00000000e3580000,0x00000000e3b9c228,0x00000000e3c00000)
  to   space 8192K, 0% used [0x00000000e2c00000,0x00000000e2c00000,0x00000000e3400000)
 ParOldGen       total 45568K, used 8619K [0x0000000081800000, 0x0000000084480000, 0x00000000d5d80000)
  object space 45568K, 18% used [0x0000000081800000,0x000000008206ad80,0x0000000084480000)
 Metaspace       used 29350K, capacity 31242K, committed 31488K, reserved 1077248K
  class space    used 3723K, capacity 4071K, committed 4096K, reserved 1048576K
Event: 6.540 GC heap after
Heap after GC invocations=12 (full 1):
 PSYoungGen      total 219648K, used 7249K [0x00000000d5d80000, 0x00000000ea700000, 0x0000000100000000)
  eden space 211456K, 0% used [0x00000000d5d80000,0x00000000d5d80000,0x00000000e2c00000)
  from space 8192K, 88% used [0x00000000e2c00000,0x00000000e3314580,0x00000000e3400000)
  to   space 8704K, 0% used [0x00000000e9e80000,0x00000000e9e80000,0x00000000ea700000)
 ParOldGen       total 45568K, used 11751K [0x0000000081800000, 0x0000000084480000, 0x00000000d5d80000)
  object space 45568K, 25% used [0x0000000081800000,0x0000000082379dd0,0x0000000084480000)
 Metaspace       used 29350K, capacity 31242K, committed 31488K, reserved 1077248K
  class space    used 3723K, capacity 4071K, committed 4096K, reserved 1048576K
}
Event: 7.908 GC heap before
{Heap before GC invocations=13 (full 1):
 PSYoungGen      total 219648K, used 218705K [0x00000000d5d80000, 0x00000000ea700000, 0x0000000100000000)
  eden space 211456K, 100% used [0x00000000d5d80000,0x00000000e2c00000,0x00000000e2c00000)
  from space 8192K, 88% used [0x00000000e2c00000,0x00000000e3314580,0x00000000e3400000)
  to   space 8704K, 0% used [0x00000000e9e80000,0x00000000e9e80000,0x00000000ea700000)
 ParOldGen       total 45568K, used 11751K [0x0000000081800000, 0x0000000084480000, 0x00000000d5d80000)
  object space 45568K, 25% used [0x0000000081800000,0x0000000082379dd0,0x0000000084480000)
 Metaspace       used 31740K, capacity 33842K, committed 34048K, reserved 1079296K
  class space    used 4087K, capacity 4481K, committed 4608K, reserved 1048576K
Event: 7.924 GC heap after
Heap after GC invocations=13 (full 1):
 PSYoungGen      total 328192K, used 7104K [0x00000000d5d80000, 0x00000000eab80000, 0x0000000100000000)
  eden space 319488K, 0% used [0x00000000d5d80000,0x00000000d5d80000,0x00000000e9580000)
  from space 8704K, 81% used [0x00000000e9e80000,0x00000000ea570000,0x00000000ea700000)
  to   space 9216K, 0% used [0x00000000e9580000,0x00000000e9580000,0x00000000e9e80000)
 ParOldGen       total 45568K, used 15782K [0x0000000081800000, 0x0000000084480000, 0x00000000d5d80000)
  object space 45568K, 34% used [0x0000000081800000,0x0000000082769828,0x0000000084480000)
 Metaspace       used 31740K, capacity 33842K, committed 34048K, reserved 1079296K
  class space    used 4087K, capacity 4481K, committed 4608K, reserved 1048576K
}
Event: 8.252 GC heap before
{Heap before GC invocations=14 (full 1):
 PSYoungGen      total 328192K, used 79377K [0x00000000d5d80000, 0x00000000eab80000, 0x0000000100000000)
  eden space 319488K, 22% used [0x00000000d5d80000,0x00000000da4145c8,0x00000000e9580000)
  from space 8704K, 81% used [0x00000000e9e80000,0x00000000ea570000,0x00000000ea700000)
  to   space 9216K, 0% used [0x00000000e9580000,0x00000000e9580000,0x00000000e9e80000)
 ParOldGen       total 45568K, used 15782K [0x0000000081800000, 0x0000000084480000, 0x00000000d5d80000)
  object space 45568K, 34% used [0x0000000081800000,0x0000000082769828,0x0000000084480000)
 Metaspace       used 33071K, capacity 35286K, committed 35416K, reserved 1079296K
  class space    used 4280K, capacity 4669K, committed 4736K, reserved 1048576K
Event: 8.258 GC heap after
Heap after GC invocations=14 (full 1):
 PSYoungGen      total 328704K, used 2432K [0x00000000d5d80000, 0x00000000f4880000, 0x0000000100000000)
  eden space 319488K, 0% used [0x00000000d5d80000,0x00000000d5d80000,0x00000000e9580000)
  from space 9216K, 26% used [0x00000000e9580000,0x00000000e97e0000,0x00000000e9e80000)
  to   space 9216K, 0% used [0x00000000f3f80000,0x00000000f3f80000,0x00000000f4880000)
 ParOldGen       total 45568K, used 19918K [0x0000000081800000, 0x0000000084480000, 0x00000000d5d80000)
  object space 45568K, 43% used [0x0000000081800000,0x0000000082b73828,0x0000000084480000)
 Metaspace       used 33071K, capacity 35286K, committed 35416K, reserved 1079296K
  class space    used 4280K, capacity 4669K, committed 4736K, reserved 1048576K
}
Event: 8.258 GC heap before
{Heap before GC invocations=15 (full 2):
 PSYoungGen      total 328704K, used 2432K [0x00000000d5d80000, 0x00000000f4880000, 0x0000000100000000)
  eden space 319488K, 0% used [0x00000000d5d80000,0x00000000d5d80000,0x00000000e9580000)
  from space 9216K, 26% used [0x00000000e9580000,0x00000000e97e0000,0x00000000e9e80000)
  to   space 9216K, 0% used [0x00000000f3f80000,0x00000000f3f80000,0x00000000f4880000)
 ParOldGen       total 45568K, used 19918K [0x0000000081800000, 0x0000000084480000, 0x00000000d5d80000)
  object space 45568K, 43% used [0x0000000081800000,0x0000000082b73828,0x0000000084480000)
 Metaspace       used 33071K, capacity 35286K, committed 35416K, reserved 1079296K
  class space    used 4280K, capacity 4669K, committed 4736K, reserved 1048576K
Event: 8.330 GC heap after
Heap after GC invocations=15 (full 2):
 PSYoungGen      total 328704K, used 0K [0x00000000d5d80000, 0x00000000f4880000, 0x0000000100000000)
  eden space 319488K, 0% used [0x00000000d5d80000,0x00000000d5d80000,0x00000000e9580000)
  from space 9216K, 0% used [0x00000000e9580000,0x00000000e9580000,0x00000000e9e80000)
  to   space 9216K, 0% used [0x00000000f3f80000,0x00000000f3f80000,0x00000000f4880000)
 ParOldGen       total 65536K, used 18939K [0x0000000081800000, 0x0000000085800000, 0x00000000d5d80000)
  object space 65536K, 28% used [0x0000000081800000,0x0000000082a7ecf0,0x0000000085800000)
 Metaspace       used 33071K, capacity 35286K, committed 35416K, reserved 1079296K
  class space    used 4280K, capacity 4669K, committed 4736K, reserved 1048576K
}

